<?xml version="1.0" encoding="UTF-8"?>
<!-- Generated by org.testng.reporters.JUnitReportReporter -->
<testsuite skipped="0" hostname="LAPTOP-PT93KTGA" name="org.executable.Question2" tests="1" failures="0" timestamp="18 Jan 2021 10:40:34 GMT" time="0.490" errors="0">
  <testcase name="tc1" time="0.490" classname="org.executable.Question2"/>
</testsuite> <!-- org.executable.Question2 -->
