<?xml version="1.0" encoding="UTF-8"?>
<!-- Generated by org.testng.reporters.JUnitReportReporter -->
<testsuite skipped="0" hostname="LAPTOP-PT93KTGA" name="org.executable.Question3" tests="1" failures="0" timestamp="18 Jan 2021 12:16:13 GMT" time="0.604" errors="0">
  <testcase name="tc1" time="0.604" classname="org.executable.Question3"/>
</testsuite> <!-- org.executable.Question3 -->
