<?xml version="1.0" encoding="UTF-8"?>
<!-- Generated by org.testng.reporters.JUnitReportReporter -->
<testsuite skipped="0" hostname="LAPTOP-PT93KTGA" name="org.executable.Question1" tests="1" failures="0" timestamp="18 Jan 2021 10:36:06 GMT" time="0.511" errors="0">
  <testcase name="tc1" time="0.511" classname="org.executable.Question1"/>
</testsuite> <!-- org.executable.Question1 -->
