<?xml version="1.0" encoding="UTF-8"?>
<!-- Generated by org.testng.reporters.JUnitReportReporter -->
<testsuite skipped="0" hostname="LAPTOP-PT93KTGA" name="org.executable.Question4" tests="1" failures="0" timestamp="19 Jan 2021 06:48:08 GMT" time="8.034" errors="0">
  <testcase name="tc1" time="8.034" classname="org.executable.Question4"/>
</testsuite> <!-- org.executable.Question4 -->
